Build started 2012-01-04 15:39:47.
     1>Project "C:\Users\szwedi\documents\visual studio 2010\Projects\SGD_Project_3\Black\Black.vcxproj" on node 2 (build target(s)).
     1>PrepareForBuild:
         Creating directory "C:\Users\szwedi\documents\visual studio 2010\Projects\SGD_Project_3\Debug\".
       InitializeBuildStatus:
         Creating "Debug\Black.unsuccessfulbuild" because "AlwaysCreate" was specified.
       ClCompile:
         All outputs are up-to-date.
         All outputs are up-to-date.
       ManifestResourceCompile:
         All outputs are up-to-date.
       Link:
         C:\Program Files (x86)\Microsoft Visual Studio 10.0\VC\bin\link.exe /ERRORREPORT:PROMPT /OUT:"C:\Users\szwedi\documents\visual studio 2010\Projects\SGD_Project_3\Debug\Black.exe" /INCREMENTAL /NOLOGO kernel32.lib user32.lib gdi32.lib winspool.lib comdlg32.lib advapi32.lib shell32.lib ole32.lib oleaut32.lib uuid.lib odbc32.lib odbccp32.lib /MANIFEST /ManifestFile:"Debug\Black.exe.intermediate.manifest" /MANIFESTUAC:"level='asInvoker' uiAccess='false'" /DEBUG /PDB:"C:\Users\szwedi\documents\visual studio 2010\Projects\SGD_Project_3\Debug\Black.pdb" /SUBSYSTEM:CONSOLE /TLBID:1 /DYNAMICBASE /NXCOMPAT /IMPLIB:"C:\Users\szwedi\documents\visual studio 2010\Projects\SGD_Project_3\Debug\Black.lib" /MACHINE:X86 Debug\Black.exe.embed.manifest.res
         Debug\Black.obj
         Debug\stdafx.obj
       Manifest:
         C:\Program Files (x86)\Microsoft SDKs\Windows\v7.0A\bin\mt.exe /nologo /verbose /out:"Debug\Black.exe.embed.manifest" /manifest Debug\Black.exe.intermediate.manifest
         All outputs are up-to-date.
       LinkEmbedManifest:
         All outputs are up-to-date.
         Black.vcxproj -> C:\Users\szwedi\documents\visual studio 2010\Projects\SGD_Project_3\Debug\Black.exe
       FinalizeBuildStatus:
         Deleting file "Debug\Black.unsuccessfulbuild".
         Touching "Debug\Black.lastbuildstate".
     1>Done Building Project "C:\Users\szwedi\documents\visual studio 2010\Projects\SGD_Project_3\Black\Black.vcxproj" (build target(s)).

Build succeeded.

Time Elapsed 00:00:01.76
