Build started 2012-01-04 15:27:51.
     1>Project "C:\Users\szwedi\documents\visual studio 2010\Projects\SGD_Project_3\Othello\Othello.vcxproj" on node 2 (build target(s)).
     1>InitializeBuildStatus:
         Creating "Debug\Othello.unsuccessfulbuild" because "AlwaysCreate" was specified.
       ClCompile:
         All outputs are up-to-date.
         C:\Program Files (x86)\Microsoft Visual Studio 10.0\VC\bin\CL.exe /c /ZI /nologo /W3 /WX- /Od /Oy- /D WIN32 /D _DEBUG /D _CONSOLE /D _UNICODE /D UNICODE /Gm /EHsc /RTC1 /MDd /GS /fp:precise /Zc:wchar_t /Zc:forScope /Yu"StdAfx.h" /Fp"Debug\Othello.pch" /Fo"Debug\\" /Fd"Debug\vc100.pdb" /Gd /TP /analyze- /errorReport:prompt Othello.cpp
         Othello.cpp
     1>c:\users\szwedi\documents\visual studio 2010\projects\sgd_project_3\othello\othello.cpp(298): warning C4018: '<' : signed/unsigned mismatch
     1>c:\users\szwedi\documents\visual studio 2010\projects\sgd_project_3\othello\othello.cpp(455): warning C4996: 'getch': The POSIX name for this item is deprecated. Instead, use the ISO C++ conformant name: _getch. See online help for details.
                 c:\program files (x86)\microsoft visual studio 10.0\vc\include\conio.h(128) : see declaration of 'getch'
     1>c:\users\szwedi\documents\visual studio 2010\projects\sgd_project_3\othello\othello.cpp(496): warning C4996: 'getch': The POSIX name for this item is deprecated. Instead, use the ISO C++ conformant name: _getch. See online help for details.
                 c:\program files (x86)\microsoft visual studio 10.0\vc\include\conio.h(128) : see declaration of 'getch'
       ManifestResourceCompile:
         All outputs are up-to-date.
       Link:
         C:\Program Files (x86)\Microsoft Visual Studio 10.0\VC\bin\link.exe /ERRORREPORT:PROMPT /OUT:"C:\Users\szwedi\documents\visual studio 2010\Projects\SGD_Project_3\Debug\Othello.exe" /INCREMENTAL /NOLOGO kernel32.lib user32.lib gdi32.lib winspool.lib comdlg32.lib advapi32.lib shell32.lib ole32.lib oleaut32.lib uuid.lib odbc32.lib odbccp32.lib /MANIFEST /ManifestFile:"Debug\Othello.exe.intermediate.manifest" /MANIFESTUAC:"level='asInvoker' uiAccess='false'" /DEBUG /PDB:"C:\Users\szwedi\documents\visual studio 2010\Projects\SGD_Project_3\Debug\Othello.pdb" /SUBSYSTEM:CONSOLE /TLBID:1 /DYNAMICBASE /NXCOMPAT /IMPLIB:"C:\Users\szwedi\documents\visual studio 2010\Projects\SGD_Project_3\Debug\Othello.lib" /MACHINE:X86 Debug\Othello.exe.embed.manifest.res
         Debug\Othello.obj
         Debug\stdafx.obj
       Manifest:
         C:\Program Files (x86)\Microsoft SDKs\Windows\v7.0A\bin\mt.exe /nologo /verbose /out:"Debug\Othello.exe.embed.manifest" /manifest Debug\Othello.exe.intermediate.manifest
         All outputs are up-to-date.
       LinkEmbedManifest:
         All outputs are up-to-date.
         Othello.vcxproj -> C:\Users\szwedi\documents\visual studio 2010\Projects\SGD_Project_3\Debug\Othello.exe
       FinalizeBuildStatus:
         Deleting file "Debug\Othello.unsuccessfulbuild".
         Touching "Debug\Othello.lastbuildstate".
     1>Done Building Project "C:\Users\szwedi\documents\visual studio 2010\Projects\SGD_Project_3\Othello\Othello.vcxproj" (build target(s)).

Build succeeded.

Time Elapsed 00:00:04.33
