Build started 2012-01-04 15:39:47.
     1>Project "C:\Users\szwedi\documents\visual studio 2010\Projects\SGD_Project_3\White\White.vcxproj" on node 4 (build target(s)).
     1>InitializeBuildStatus:
         Creating "Debug\White.unsuccessfulbuild" because "AlwaysCreate" was specified.
       ClCompile:
         All outputs are up-to-date.
         All outputs are up-to-date.
       ManifestResourceCompile:
         All outputs are up-to-date.
       Link:
         C:\Program Files (x86)\Microsoft Visual Studio 10.0\VC\bin\link.exe /ERRORREPORT:PROMPT /OUT:"C:\Users\szwedi\documents\visual studio 2010\Projects\SGD_Project_3\Debug\White.exe" /INCREMENTAL /NOLOGO kernel32.lib user32.lib gdi32.lib winspool.lib comdlg32.lib advapi32.lib shell32.lib ole32.lib oleaut32.lib uuid.lib odbc32.lib odbccp32.lib /MANIFEST /ManifestFile:"Debug\White.exe.intermediate.manifest" /MANIFESTUAC:"level='asInvoker' uiAccess='false'" /DEBUG /PDB:"C:\Users\szwedi\documents\visual studio 2010\Projects\SGD_Project_3\Debug\White.pdb" /SUBSYSTEM:CONSOLE /TLBID:1 /DYNAMICBASE /NXCOMPAT /IMPLIB:"C:\Users\szwedi\documents\visual studio 2010\Projects\SGD_Project_3\Debug\White.lib" /MACHINE:X86 Debug\White.exe.embed.manifest.res
         Debug\stdafx.obj
         Debug\White.obj
       Manifest:
         C:\Program Files (x86)\Microsoft SDKs\Windows\v7.0A\bin\mt.exe /nologo /verbose /out:"Debug\White.exe.embed.manifest" /manifest Debug\White.exe.intermediate.manifest
         All outputs are up-to-date.
       LinkEmbedManifest:
         All outputs are up-to-date.
         White.vcxproj -> C:\Users\szwedi\documents\visual studio 2010\Projects\SGD_Project_3\Debug\White.exe
       FinalizeBuildStatus:
         Deleting file "Debug\White.unsuccessfulbuild".
         Touching "Debug\White.lastbuildstate".
     1>Done Building Project "C:\Users\szwedi\documents\visual studio 2010\Projects\SGD_Project_3\White\White.vcxproj" (build target(s)).

Build succeeded.

Time Elapsed 00:00:01.14
